<?xml version="1.0" encoding="UTF-8"?>
<!-- Generated by org.testng.reporters.JUnitReportReporter -->
<testsuite hostname="DESKTOP-GFO15FD" failures="0" tests="4" name="testAutomation.TestRunner.TestRunner" time="50.275" errors="0" timestamp="29 sep. 2022 21:29:42 GMT" skipped="0">
  <testcase classname="testAutomation.TestRunner.TestRunner" name="feature" time="16.193"/>
  <testcase classname="testAutomation.TestRunner.TestRunner" name="feature" time="11.943"/>
  <testcase classname="testAutomation.TestRunner.TestRunner" name="feature" time="11.192"/>
  <testcase classname="testAutomation.TestRunner.TestRunner" name="feature" time="10.947"/>
</testsuite> <!-- testAutomation.TestRunner.TestRunner -->
