<?xml version="1.0" encoding="UTF-8"?>
<!-- Generated by org.testng.reporters.JUnitReportReporter -->
<testsuite hostname="DESKTOP-GFO15FD" failures="0" tests="3" name="tests.Test1" time="0.003" errors="0" timestamp="30 sep. 2022 18:55:34 GMT" skipped="0">
  <testcase classname="tests.Test1" name="Register" time="0.001"/>
  <testcase classname="tests.Test1" name="Login" time="0.001"/>
  <testcase classname="tests.Test1" name="Proof" time="0.001"/>
</testsuite> <!-- tests.Test1 -->
