<?xml version="1.0" encoding="UTF-8"?>
<!-- Generated by org.testng.reporters.JUnitReportReporter -->
<testsuite hostname="DESKTOP-GFO15FD" failures="0" tests="4" name="testAutomation.TestRunner.TestRunner" time="55.546" errors="0" timestamp="30 sep. 2022 18:55:34 GMT" skipped="0">
  <testcase classname="testAutomation.TestRunner.TestRunner" name="runScenario" time="18.397"/>
  <testcase classname="testAutomation.TestRunner.TestRunner" name="runScenario" time="12.193"/>
  <testcase classname="testAutomation.TestRunner.TestRunner" name="runScenario" time="12.522"/>
  <testcase classname="testAutomation.TestRunner.TestRunner" name="runScenario" time="12.434"/>
</testsuite> <!-- testAutomation.TestRunner.TestRunner -->
