<?xml version="1.0" encoding="UTF-8"?>
<!-- Generated by org.testng.reporters.JUnitReportReporter -->
<testsuite hostname="DESKTOP-GFO15FD" failures="0" tests="4" name="testAutomation.TestRunner.TestRunner" time="49.018" errors="0" timestamp="30 sep. 2022 16:41:53 GMT" skipped="0">
  <testcase classname="testAutomation.TestRunner.TestRunner" name="runScenario" time="15.305"/>
  <testcase classname="testAutomation.TestRunner.TestRunner" name="runScenario" time="11.161"/>
  <testcase classname="testAutomation.TestRunner.TestRunner" name="runScenario" time="11.456"/>
  <testcase classname="testAutomation.TestRunner.TestRunner" name="runScenario" time="11.096"/>
</testsuite> <!-- testAutomation.TestRunner.TestRunner -->
