<?xml version="1.0" encoding="UTF-8"?>
<!-- Generated by org.testng.reporters.JUnitReportReporter -->
<testsuite hostname="DESKTOP-GFO15FD" failures="0" tests="4" name="testAutomation.TestRunner.TestRunner" time="59.374" errors="0" timestamp="14 oct. 2022 01:36:16 GMT" skipped="0">
  <testcase classname="testAutomation.TestRunner.TestRunner" name="runScenario" time="17.311"/>
  <testcase classname="testAutomation.TestRunner.TestRunner" name="runScenario" time="11.740"/>
  <testcase classname="testAutomation.TestRunner.TestRunner" name="runScenario" time="11.529"/>
  <testcase classname="testAutomation.TestRunner.TestRunner" name="runScenario" time="18.794"/>
</testsuite> <!-- testAutomation.TestRunner.TestRunner -->
