<?xml version="1.0" encoding="UTF-8"?>
<!-- Generated by org.testng.reporters.JUnitReportReporter -->
<testsuite hostname="DESKTOP-GFO15FD" failures="0" tests="4" name="testAutomation.TestRunner.TestRunner" time="46.193" errors="0" timestamp="23 sep. 2022 22:32:35 GMT" skipped="0">
  <testcase classname="testAutomation.TestRunner.TestRunner" name="feature" time="11.272"/>
  <testcase classname="testAutomation.TestRunner.TestRunner" name="feature" time="11.537"/>
  <testcase classname="testAutomation.TestRunner.TestRunner" name="feature" time="11.346"/>
  <testcase classname="testAutomation.TestRunner.TestRunner" name="feature" time="12.038"/>
</testsuite> <!-- testAutomation.TestRunner.TestRunner -->
